# JRE version: Java(TM) SE Runtime Environment (8.0_60-b27) (build 1.8.0_60-b27)
# Java VM: Java HotSpot(TM) 64-Bit Server VM (25.60-b23 mixed mode windows-amd64 compressed oops)
Heap:
 PSYoungGen      total 157184K, used 149328K [0x00000000eab00000, 0x00000000f5f00000, 0x0000000100000000)
  eden space 139264K, 99% used [0x00000000eab00000,0x00000000f31d8910,0x00000000f3300000)
  from space 17920K, 62% used [0x00000000f4d80000,0x00000000f587b9a0,0x00000000f5f00000)
  to   space 22528K, 0% used [0x00000000f3300000,0x00000000f3300000,0x00000000f4900000)
 ParOldGen       total 106496K, used 35726K [0x00000000c0000000, 0x00000000c6800000, 0x00000000eab00000)
  object space 106496K, 33% used [0x00000000c0000000,0x00000000c22e3888,0x00000000c6800000)
 Metaspace       used 61444K, capacity 66460K, committed 70528K, reserved 1110016K
  class space    used 7673K, capacity 9353K, committed 10368K, reserved 1048576K
GC Heap History (10 events):
Event: 88233.207 GC heap before
{Heap before GC invocations=129 (full 37):
 PSYoungGen      total 161792K, used 53727K [0x00000000eab00000, 0x00000000f6480000, 0x0000000100000000)
  eden space 138240K, 35% used [0x00000000eab00000,0x00000000edad4338,0x00000000f3200000)
  from space 23552K, 20% used [0x00000000f3200000,0x00000000f36a39c0,0x00000000f4900000)
  to   space 23040K, 0% used [0x00000000f4e00000,0x00000000f4e00000,0x00000000f6480000)
 ParOldGen       total 106496K, used 54622K [0x00000000c0000000, 0x00000000c6800000, 0x00000000eab00000)
  object space 106496K, 51% used [0x00000000c0000000,0x00000000c3557b00,0x00000000c6800000)
 Metaspace       used 62836K, capacity 69572K, committed 70528K, reserved 1110016K
  class space    used 8125K, capacity 10153K, committed 10368K, reserved 1048576K
Event: 88233.234 GC heap after
Heap after GC invocations=129 (full 37):
 PSYoungGen      total 166912K, used 1504K [0x00000000eab00000, 0x00000000f6480000, 0x0000000100000000)
  eden space 143872K, 0% used [0x00000000eab00000,0x00000000eab00000,0x00000000f3780000)
  from space 23040K, 6% used [0x00000000f4e00000,0x00000000f4f78040,0x00000000f6480000)
  to   space 23040K, 0% used [0x00000000f3780000,0x00000000f3780000,0x00000000f4e00000)
 ParOldGen       total 106496K, used 54630K [0x00000000c0000000, 0x00000000c6800000, 0x00000000eab00000)
  object space 106496K, 51% used [0x00000000c0000000,0x00000000c3559b00,0x00000000c6800000)
 Metaspace       used 62836K, capacity 69572K, committed 70528K, reserved 1110016K
  class space    used 8125K, capacity 10153K, committed 10368K, reserved 1048576K
}
Event: 88233.234 GC heap before
{Heap before GC invocations=130 (full 38):
 PSYoungGen      total 166912K, used 1504K [0x00000000eab00000, 0x00000000f6480000, 0x0000000100000000)
  eden space 143872K, 0% used [0x00000000eab00000,0x00000000eab00000,0x00000000f3780000)
  from space 23040K, 6% used [0x00000000f4e00000,0x00000000f4f78040,0x00000000f6480000)
  to   space 23040K, 0% used [0x00000000f3780000,0x00000000f3780000,0x00000000f4e00000)
 ParOldGen       total 106496K, used 54630K [0x00000000c0000000, 0x00000000c6800000, 0x00000000eab00000)
  object space 106496K, 51% used [0x00000000c0000000,0x00000000c3559b00,0x00000000c6800000)
 Metaspace       used 62836K, capacity 69572K, committed 70528K, reserved 1110016K
  class space    used 8125K, capacity 10153K, committed 10368K, reserved 1048576K
Event: 88233.535 GC heap after
Heap after GC invocations=130 (full 38):
 PSYoungGen      total 166912K, used 0K [0x00000000eab00000, 0x00000000f6480000, 0x0000000100000000)
  eden space 143872K, 0% used [0x00000000eab00000,0x00000000eab00000,0x00000000f3780000)
  from space 23040K, 0% used [0x00000000f4e00000,0x00000000f4e00000,0x00000000f6480000)
  to   space 23040K, 0% used [0x00000000f3780000,0x00000000f3780000,0x00000000f4e00000)
 ParOldGen       total 106496K, used 53923K [0x00000000c0000000, 0x00000000c6800000, 0x00000000eab00000)
  object space 106496K, 50% used [0x00000000c0000000,0x00000000c34a8e58,0x00000000c6800000)
 Metaspace       used 62801K, capacity 69452K, committed 70528K, reserved 1110016K
  class space    used 8117K, capacity 10118K, committed 10368K, reserved 1048576K
}
Event: 89957.069 GC heap before
{Heap before GC invocations=131 (full 38):
 PSYoungGen      total 166912K, used 122525K [0x00000000eab00000, 0x00000000f6480000, 0x0000000100000000)
  eden space 143872K, 85% used [0x00000000eab00000,0x00000000f22a7678,0x00000000f3780000)
  from space 23040K, 0% used [0x00000000f4e00000,0x00000000f4e00000,0x00000000f6480000)
  to   space 23040K, 0% used [0x00000000f3780000,0x00000000f3780000,0x00000000f4e00000)
 ParOldGen       total 106496K, used 53923K [0x00000000c0000000, 0x00000000c6800000, 0x00000000eab00000)
  object space 106496K, 50% used [0x00000000c0000000,0x00000000c34a8e58,0x00000000c6800000)
 Metaspace       used 62953K, capacity 69824K, committed 70528K, reserved 1110016K
  class space    used 8146K, capacity 10210K, committed 10368K, reserved 1048576K
Event: 89957.073 GC heap after
Heap after GC invocations=131 (full 38):
 PSYoungGen      total 145408K, used 1280K [0x00000000eab00000, 0x00000000f6380000, 0x0000000100000000)
  eden space 143872K, 0% used [0x00000000eab00000,0x00000000eab00000,0x00000000f3780000)
  from space 1536K, 83% used [0x00000000f3780000,0x00000000f38c0020,0x00000000f3900000)
  to   space 22528K, 0% used [0x00000000f4d80000,0x00000000f4d80000,0x00000000f6380000)
 ParOldGen       total 106496K, used 53931K [0x00000000c0000000, 0x00000000c6800000, 0x00000000eab00000)
  object space 106496K, 50% used [0x00000000c0000000,0x00000000c34aae58,0x00000000c6800000)
 Metaspace       used 62953K, capacity 69824K, committed 70528K, reserved 1110016K
  class space    used 8146K, capacity 10210K, committed 10368K, reserved 1048576K
}
Event: 89957.073 GC heap before
{Heap before GC invocations=132 (full 39):
 PSYoungGen      total 145408K, used 1280K [0x00000000eab00000, 0x00000000f6380000, 0x0000000100000000)
  eden space 143872K, 0% used [0x00000000eab00000,0x00000000eab00000,0x00000000f3780000)
  from space 1536K, 83% used [0x00000000f3780000,0x00000000f38c0020,0x00000000f3900000)
  to   space 22528K, 0% used [0x00000000f4d80000,0x00000000f4d80000,0x00000000f6380000)
 ParOldGen       total 106496K, used 53931K [0x00000000c0000000, 0x00000000c6800000, 0x00000000eab00000)
  object space 106496K, 50% used [0x00000000c0000000,0x00000000c34aae58,0x00000000c6800000)
 Metaspace       used 62953K, capacity 69824K, committed 70528K, reserved 1110016K
  class space    used 8146K, capacity 10210K, committed 10368K, reserved 1048576K
Event: 89957.371 GC heap after
Heap after GC invocations=132 (full 39):
 PSYoungGen      total 145408K, used 0K [0x00000000eab00000, 0x00000000f6380000, 0x0000000100000000)
  eden space 143872K, 0% used [0x00000000eab00000,0x00000000eab00000,0x00000000f3780000)
  from space 1536K, 0% used [0x00000000f3780000,0x00000000f3780000,0x00000000f3900000)
  to   space 22528K, 0% used [0x00000000f4d80000,0x00000000f4d80000,0x00000000f6380000)
 ParOldGen       total 106496K, used 35726K [0x00000000c0000000, 0x00000000c6800000, 0x00000000eab00000)
  object space 106496K, 33% used [0x00000000c0000000,0x00000000c22e3888,0x00000000c6800000)
 Metaspace       used 60801K, capacity 65210K, committed 70528K, reserved 1110016K
  class space    used 7505K, capacity 8945K, committed 10368K, reserved 1048576K
}
Event: 90226.503 GC heap before
{Heap before GC invocations=133 (full 39):
 PSYoungGen      total 145408K, used 143872K [0x00000000eab00000, 0x00000000f6380000, 0x0000000100000000)
  eden space 143872K, 100% used [0x00000000eab00000,0x00000000f3780000,0x00000000f3780000)
  from space 1536K, 0% used [0x00000000f3780000,0x00000000f3780000,0x00000000f3900000)
  to   space 22528K, 0% used [0x00000000f4d80000,0x00000000f4d80000,0x00000000f6380000)
 ParOldGen       total 106496K, used 35726K [0x00000000c0000000, 0x00000000c6800000, 0x00000000eab00000)
  object space 106496K, 33% used [0x00000000c0000000,0x00000000c22e3888,0x00000000c6800000)
 Metaspace       used 61277K, capacity 66186K, committed 70528K, reserved 1110016K
  class space    used 7620K, capacity 9220K, committed 10368K, reserved 1048576K
Event: 90226.526 GC heap after
Heap after GC invocations=133 (full 39):
 PSYoungGen      total 157184K, used 11246K [0x00000000eab00000, 0x00000000f5f00000, 0x0000000100000000)
  eden space 139264K, 0% used [0x00000000eab00000,0x00000000eab00000,0x00000000f3300000)
  from space 17920K, 62% used [0x00000000f4d80000,0x00000000f587b9a0,0x00000000f5f00000)
  to   space 22528K, 0% used [0x00000000f3300000,0x00000000f3300000,0x00000000f4900000)
 ParOldGen       total 106496K, used 35726K [0x00000000c0000000, 0x00000000c6800000, 0x00000000eab00000)
  object space 106496K, 33% used [0x00000000c0000000,0x00000000c22e3888,0x00000000c6800000)
 Metaspace       used 61277K, capacity 66186K, committed 70528K, reserved 1110016K
  class space    used 7620K, capacity 9220K, committed 10368K, reserved 1048576K
}

