# JRE version: Java(TM) SE Runtime Environment (8.0_60-b27) (build 1.8.0_60-b27)
# Java VM: Java HotSpot(TM) 64-Bit Server VM (25.60-b23 mixed mode windows-amd64 compressed oops)
Heap:
 PSYoungGen      total 147968K, used 34477K [0x00000000eab00000, 0x00000000f7000000, 0x0000000100000000)
  eden space 146432K, 23% used [0x00000000eab00000,0x00000000eccab748,0x00000000f3a00000)
  from space 1536K, 0% used [0x00000000f3a00000,0x00000000f3a00000,0x00000000f3b80000)
  to   space 27648K, 0% used [0x00000000f5500000,0x00000000f5500000,0x00000000f7000000)
 ParOldGen       total 97280K, used 34331K [0x00000000c0000000, 0x00000000c5f00000, 0x00000000eab00000)
  object space 97280K, 35% used [0x00000000c0000000,0x00000000c2186db0,0x00000000c5f00000)
 Metaspace       used 60383K, capacity 64638K, committed 67072K, reserved 1107968K
  class space    used 7590K, capacity 8864K, committed 9472K, reserved 1048576K
GC Heap History (10 events):
Event: 12957.963 GC heap before
{Heap before GC invocations=69 (full 18):
 PSYoungGen      total 175616K, used 15709K [0x00000000eab00000, 0x00000000f7a00000, 0x0000000100000000)
  eden space 151552K, 1% used [0x00000000eab00000,0x00000000eadb7d08,0x00000000f3f00000)
  from space 24064K, 53% used [0x00000000f6280000,0x00000000f6f1f750,0x00000000f7a00000)
  to   space 30208K, 0% used [0x00000000f3f00000,0x00000000f3f00000,0x00000000f5c80000)
 ParOldGen       total 97280K, used 46274K [0x00000000c0000000, 0x00000000c5f00000, 0x00000000eab00000)
  object space 97280K, 47% used [0x00000000c0000000,0x00000000c2d30bb0,0x00000000c5f00000)
 Metaspace       used 61254K, capacity 66514K, committed 66688K, reserved 1105920K
  class space    used 7859K, capacity 9324K, committed 9344K, reserved 1048576K
Event: 12957.966 GC heap after
Heap after GC invocations=69 (full 18):
 PSYoungGen      total 153600K, used 1968K [0x00000000eab00000, 0x00000000f7900000, 0x0000000100000000)
  eden space 151552K, 0% used [0x00000000eab00000,0x00000000eab00000,0x00000000f3f00000)
  from space 2048K, 96% used [0x00000000f3f00000,0x00000000f40ec250,0x00000000f4100000)
  to   space 29696K, 0% used [0x00000000f5c00000,0x00000000f5c00000,0x00000000f7900000)
 ParOldGen       total 97280K, used 46274K [0x00000000c0000000, 0x00000000c5f00000, 0x00000000eab00000)
  object space 97280K, 47% used [0x00000000c0000000,0x00000000c2d30bb0,0x00000000c5f00000)
 Metaspace       used 61254K, capacity 66514K, committed 66688K, reserved 1105920K
  class space    used 7859K, capacity 9324K, committed 9344K, reserved 1048576K
}
Event: 12957.966 GC heap before
{Heap before GC invocations=70 (full 19):
 PSYoungGen      total 153600K, used 1968K [0x00000000eab00000, 0x00000000f7900000, 0x0000000100000000)
  eden space 151552K, 0% used [0x00000000eab00000,0x00000000eab00000,0x00000000f3f00000)
  from space 2048K, 96% used [0x00000000f3f00000,0x00000000f40ec250,0x00000000f4100000)
  to   space 29696K, 0% used [0x00000000f5c00000,0x00000000f5c00000,0x00000000f7900000)
 ParOldGen       total 97280K, used 46274K [0x00000000c0000000, 0x00000000c5f00000, 0x00000000eab00000)
  object space 97280K, 47% used [0x00000000c0000000,0x00000000c2d30bb0,0x00000000c5f00000)
 Metaspace       used 61254K, capacity 66514K, committed 66688K, reserved 1105920K
  class space    used 7859K, capacity 9324K, committed 9344K, reserved 1048576K
Event: 12958.278 GC heap after
Heap after GC invocations=70 (full 19):
 PSYoungGen      total 153600K, used 0K [0x00000000eab00000, 0x00000000f7900000, 0x0000000100000000)
  eden space 151552K, 0% used [0x00000000eab00000,0x00000000eab00000,0x00000000f3f00000)
  from space 2048K, 0% used [0x00000000f3f00000,0x00000000f3f00000,0x00000000f4100000)
  to   space 29696K, 0% used [0x00000000f5c00000,0x00000000f5c00000,0x00000000f7900000)
 ParOldGen       total 97280K, used 46669K [0x00000000c0000000, 0x00000000c5f00000, 0x00000000eab00000)
  object space 97280K, 47% used [0x00000000c0000000,0x00000000c2d93628,0x00000000c5f00000)
 Metaspace       used 61221K, capacity 66400K, committed 66688K, reserved 1105920K
  class space    used 7851K, capacity 9290K, committed 9344K, reserved 1048576K
}
Event: 47166.252 GC heap before
{Heap before GC invocations=71 (full 19):
 PSYoungGen      total 153600K, used 151101K [0x00000000eab00000, 0x00000000f7900000, 0x0000000100000000)
  eden space 151552K, 99% used [0x00000000eab00000,0x00000000f3e8f458,0x00000000f3f00000)
  from space 2048K, 0% used [0x00000000f3f00000,0x00000000f3f00000,0x00000000f4100000)
  to   space 29696K, 0% used [0x00000000f5c00000,0x00000000f5c00000,0x00000000f7900000)
 ParOldGen       total 97280K, used 46669K [0x00000000c0000000, 0x00000000c5f00000, 0x00000000eab00000)
  object space 97280K, 47% used [0x00000000c0000000,0x00000000c2d93628,0x00000000c5f00000)
 Metaspace       used 61410K, capacity 66692K, committed 66816K, reserved 1105920K
  class space    used 7867K, capacity 9358K, committed 9472K, reserved 1048576K
Event: 47166.311 GC heap after
Heap after GC invocations=71 (full 19):
 PSYoungGen      total 167936K, used 10745K [0x00000000eab00000, 0x00000000f7100000, 0x0000000100000000)
  eden space 146432K, 0% used [0x00000000eab00000,0x00000000eab00000,0x00000000f3a00000)
  from space 21504K, 49% used [0x00000000f5c00000,0x00000000f667e4f0,0x00000000f7100000)
  to   space 28160K, 0% used [0x00000000f3a00000,0x00000000f3a00000,0x00000000f5580000)
 ParOldGen       total 97280K, used 46677K [0x00000000c0000000, 0x00000000c5f00000, 0x00000000eab00000)
  object space 97280K, 47% used [0x00000000c0000000,0x00000000c2d95628,0x00000000c5f00000)
 Metaspace       used 61410K, capacity 66692K, committed 66816K, reserved 1105920K
  class space    used 7867K, capacity 9358K, committed 9472K, reserved 1048576K
}
Event: 47180.571 GC heap before
{Heap before GC invocations=72 (full 19):
 PSYoungGen      total 167936K, used 114802K [0x00000000eab00000, 0x00000000f7100000, 0x0000000100000000)
  eden space 146432K, 71% used [0x00000000eab00000,0x00000000f109e518,0x00000000f3a00000)
  from space 21504K, 49% used [0x00000000f5c00000,0x00000000f667e4f0,0x00000000f7100000)
  to   space 28160K, 0% used [0x00000000f3a00000,0x00000000f3a00000,0x00000000f5580000)
 ParOldGen       total 97280K, used 46677K [0x00000000c0000000, 0x00000000c5f00000, 0x00000000eab00000)
  object space 97280K, 47% used [0x00000000c0000000,0x00000000c2d95628,0x00000000c5f00000)
 Metaspace       used 61426K, capacity 66704K, committed 66816K, reserved 1105920K
  class space    used 7868K, capacity 9360K, committed 9472K, reserved 1048576K
Event: 47180.581 GC heap after
Heap after GC invocations=72 (full 19):
 PSYoungGen      total 147968K, used 1056K [0x00000000eab00000, 0x00000000f7000000, 0x0000000100000000)
  eden space 146432K, 0% used [0x00000000eab00000,0x00000000eab00000,0x00000000f3a00000)
  from space 1536K, 68% used [0x00000000f3a00000,0x00000000f3b08240,0x00000000f3b80000)
  to   space 27648K, 0% used [0x00000000f5500000,0x00000000f5500000,0x00000000f7000000)
 ParOldGen       total 97280K, used 46685K [0x00000000c0000000, 0x00000000c5f00000, 0x00000000eab00000)
  object space 97280K, 47% used [0x00000000c0000000,0x00000000c2d97628,0x00000000c5f00000)
 Metaspace       used 61426K, capacity 66704K, committed 66816K, reserved 1105920K
  class space    used 7868K, capacity 9360K, committed 9472K, reserved 1048576K
}
Event: 47180.581 GC heap before
{Heap before GC invocations=73 (full 20):
 PSYoungGen      total 147968K, used 1056K [0x00000000eab00000, 0x00000000f7000000, 0x0000000100000000)
  eden space 146432K, 0% used [0x00000000eab00000,0x00000000eab00000,0x00000000f3a00000)
  from space 1536K, 68% used [0x00000000f3a00000,0x00000000f3b08240,0x00000000f3b80000)
  to   space 27648K, 0% used [0x00000000f5500000,0x00000000f5500000,0x00000000f7000000)
 ParOldGen       total 97280K, used 46685K [0x00000000c0000000, 0x00000000c5f00000, 0x00000000eab00000)
  object space 97280K, 47% used [0x00000000c0000000,0x00000000c2d97628,0x00000000c5f00000)
 Metaspace       used 61426K, capacity 66704K, committed 66816K, reserved 1105920K
  class space    used 7868K, capacity 9360K, committed 9472K, reserved 1048576K
Event: 47180.875 GC heap after
Heap after GC invocations=73 (full 20):
 PSYoungGen      total 147968K, used 0K [0x00000000eab00000, 0x00000000f7000000, 0x0000000100000000)
  eden space 146432K, 0% used [0x00000000eab00000,0x00000000eab00000,0x00000000f3a00000)
  from space 1536K, 0% used [0x00000000f3a00000,0x00000000f3a00000,0x00000000f3b80000)
  to   space 27648K, 0% used [0x00000000f5500000,0x00000000f5500000,0x00000000f7000000)
 ParOldGen       total 97280K, used 34331K [0x00000000c0000000, 0x00000000c5f00000, 0x00000000eab00000)
  object space 97280K, 35% used [0x00000000c0000000,0x00000000c2186db0,0x00000000c5f00000)
 Metaspace       used 60192K, capacity 64148K, committed 66816K, reserved 1105920K
  class space    used 7559K, capacity 8763K, committed 9472K, reserved 1048576K
}

